<?xml version="1.0" encoding="UTF-8"?>
<testsuite name="Test" tests="1" skipped="0" failures="0" errors="0" timestamp="2020-11-30T09:18:13" hostname="KATYA-ПК" time="0.012">
  <properties/>
  <testcase name="test" classname="Test" time="0.012"/>
  <system-out><![CDATA[test
]]></system-out>
  <system-err><![CDATA[]]></system-err>
</testsuite>
