<?xml version="1.0" encoding="UTF-8"?>
<testsuite name="ru.stqa.pft.addressbook.tests.ContactsCreationTests" tests="1" skipped="0" failures="0" errors="0" timestamp="2021-01-11T09:44:17" hostname="KATYA-ПК" time="2.968">
  <properties/>
  <testcase name="testContactsCreation" classname="ru.stqa.pft.addressbook.tests.ContactsCreationTests" time="2.968"/>
  <system-out><![CDATA[]]></system-out>
  <system-err><![CDATA[SLF4J: Failed to load class "org.slf4j.impl.StaticLoggerBinder".
SLF4J: Defaulting to no-operation (NOP) logger implementation
SLF4J: See http://www.slf4j.org/codes.html#StaticLoggerBinder for further details.
1610358241931	geckodriver	INFO	Listening on 127.0.0.1:14365
1610358243994	mozrunner::runner	INFO	Running command: "C:\\Program Files (x86)\\Mozilla Firefox\\firefox.exe" "--marionette" "-foreground" "-no-remote" "-profile" "C:\\Users\\Katya\\AppData\\Local\\Temp\\rust_mozprofilegmAdWi"
1610358245878	addons.webextension.doh-rollout@mozilla.org	WARN	Loading extension 'doh-rollout@mozilla.org': Reading manifest: Invalid extension permission: networkStatus
1610358246730	addons.webextension.screenshots@mozilla.org	WARN	Loading extension 'screenshots@mozilla.org': Reading manifest: Invalid extension permission: mozillaAddons
1610358246730	addons.webextension.screenshots@mozilla.org	WARN	Loading extension 'screenshots@mozilla.org': Reading manifest: Invalid extension permission: telemetry
1610358246730	addons.webextension.screenshots@mozilla.org	WARN	Loading extension 'screenshots@mozilla.org': Reading manifest: Invalid extension permission: resource://pdf.js/
1610358246730	addons.webextension.screenshots@mozilla.org	WARN	Loading extension 'screenshots@mozilla.org': Reading manifest: Invalid extension permission: about:reader*
JavaScript error: resource://gre/modules/XULStore.jsm, line 66: Error: Can't find profile directory.
1610358252423	Marionette	INFO	Listening on port 63693
1610358252694	Marionette	WARN	TLS certificate errors will be ignored for this session
янв 11, 2021 11:44:13 AM org.openqa.selenium.remote.ProtocolHandshake createSession
INFO: Detected dialect: W3C
1610358260342	Marionette	INFO	Stopped listening on port 63693
[Parent 5756, Gecko_IOThread] WARNING: file /builds/worker/checkouts/gecko/ipc/chromium/src/base/process_util_win.cc, line 166
]]></system-err>
</testsuite>
