<?xml version="1.0" encoding="UTF-8"?>
<testsuite name="ru.stqa.pft.addressbook.tests.ContactPhonesTest" tests="1" skipped="0" failures="0" errors="0" timestamp="2021-01-29T09:38:04" hostname="KATYA-ПК" time="2.268">
  <properties/>
  <testcase name="testContactPhones" classname="ru.stqa.pft.addressbook.tests.ContactPhonesTest" time="2.268"/>
  <system-out><![CDATA[]]></system-out>
  <system-err><![CDATA[]]></system-err>
</testsuite>
