<?xml version="1.0" encoding="UTF-8"?>
<testsuite name="ru.stqa.pft.addressbook.tests.GroupCreationTests" tests="4" skipped="0" failures="0" errors="0" timestamp="2021-02-01T09:34:26" hostname="KATYA-ПК" time="12.586">
  <properties/>
  <testcase name="testBadGroupCreation" classname="ru.stqa.pft.addressbook.tests.GroupCreationTests" time="3.419"/>
  <testcase name="testGroupCreate[0](GroupDate{id='2147483647', name='test 0'})" classname="ru.stqa.pft.addressbook.tests.GroupCreationTests" time="3.434"/>
  <testcase name="testGroupCreate[1](GroupDate{id='2147483647', name='test 1'})" classname="ru.stqa.pft.addressbook.tests.GroupCreationTests" time="2.8"/>
  <testcase name="testGroupCreate[2](GroupDate{id='2147483647', name='test 2'})" classname="ru.stqa.pft.addressbook.tests.GroupCreationTests" time="2.912"/>
  <system-out><![CDATA[]]></system-out>
  <system-err><![CDATA[]]></system-err>
</testsuite>
