<?xml version="1.0" encoding="UTF-8"?>
<testsuite name="ru.stqa.pft.addressbook.tests.ContactAddressTest" tests="1" skipped="0" failures="0" errors="0" timestamp="2021-01-29T16:33:15" hostname="KATYA-ПК" time="2.302">
  <properties/>
  <testcase name="testContactAddresses" classname="ru.stqa.pft.addressbook.tests.ContactAddressTest" time="2.302"/>
  <system-out><![CDATA[]]></system-out>
  <system-err><![CDATA[]]></system-err>
</testsuite>
