<?xml version="1.0" encoding="UTF-8"?>
<testsuite name="ru.stqa.pft.soap.GeoIpServiceTests" tests="1" skipped="0" failures="0" errors="0" timestamp="2021-02-07T16:43:24" hostname="KATYA-ПК" time="1.24">
  <properties/>
  <testcase name="testMyIp" classname="ru.stqa.pft.soap.GeoIpServiceTests" time="1.24"/>
  <system-out><![CDATA[<GeoIP><Country>UA</Country><State>23</State></GeoIP>
]]></system-out>
  <system-err><![CDATA[]]></system-err>
</testsuite>
